info t=2015-06-14T02:40:42.143Z loading user theme: /usr/share//themes/Linux Mint/cinnamon/cinnamon.css
info t=2015-06-14T02:40:42.260Z added icon directory: /usr/share//themes/Linux Mint/cinnamon/
info t=2015-06-14T02:40:42.409Z loaded at Sun Jun 14 2015 04:40:42 GMT+0200 (CEST)
info t=2015-06-14T02:40:46.441Z Loaded applet menu@cinnamon.org in 4014 ms
info t=2015-06-14T02:40:46.451Z Loaded applet show-desktop@cinnamon.org in 7 ms
info t=2015-06-14T02:40:46.521Z Role locked: panellauncher
info t=2015-06-14T02:40:46.536Z Loaded applet panel-launchers@cinnamon.org in 83 ms
info t=2015-06-14T02:40:46.550Z Role locked: windowlist
info t=2015-06-14T02:40:46.550Z Loaded applet window-list@cinnamon.org in 11 ms
info t=2015-06-14T02:40:46.740Z Role locked: notifications
info t=2015-06-14T02:40:46.746Z Loaded applet notifications@cinnamon.org in 194 ms
info t=2015-06-14T02:40:46.800Z Loaded applet user@cinnamon.org in 49 ms
info t=2015-06-14T02:40:46.815Z Loaded applet removable-drives@cinnamon.org in 13 ms
info t=2015-06-14T02:40:46.902Z Loaded applet keyboard@cinnamon.org in 86 ms
info t=2015-06-14T02:40:46.942Z Loaded applet bluetooth@cinnamon.org in 39 ms
info t=2015-06-14T02:40:47.030Z Loaded applet network@cinnamon.org in 86 ms
info t=2015-06-14T02:40:47.100Z Loaded applet sound@cinnamon.org in 67 ms
info t=2015-06-14T02:40:47.184Z Loaded applet power@cinnamon.org in 82 ms
info t=2015-06-14T02:40:47.194Z Loaded applet systray@cinnamon.org in 7 ms
info t=2015-06-14T02:40:47.273Z Loaded applet calendar@cinnamon.org in 77 ms
info t=2015-06-14T02:40:47.287Z Loaded applet windows-quick-list@cinnamon.org in 10 ms
info t=2015-06-14T02:40:47.423Z Loaded applet trash@cinnamon.org in 133 ms
info t=2015-06-14T02:40:47.438Z Loaded applet workspace-switcher@cinnamon.org in 11 ms
info t=2015-06-14T02:41:01.873Z Adding systray: mintupdate.py (20x20px)
